<?xml version="1.0" encoding="UTF-8"?>
<!-- Generated by org.testng.reporters.JUnitReportReporter -->
<testsuite hostname="Lakhan" failures="0" tests="1" name="LakhanAdewar.AppiumAndroid.AppiumbasicLakhan" time="4.797" errors="0" timestamp="2022-12-30T22:45:13 IST" skipped="0">
  <testcase classname="LakhanAdewar.AppiumAndroid.AppiumbasicLakhan" name="main" time="4.797"/>
  <system-out/>
</testsuite> <!-- LakhanAdewar.AppiumAndroid.AppiumbasicLakhan -->
